<?xml version="1.0" encoding="UTF-8"?>
<!-- Generated by org.testng.reporters.JUnitReportReporter -->
<testsuite hostname="panwarManish" failures="0" tests="4" name="api.testcases.UserTest" time="10.542" errors="0" timestamp="2024-12-16T11:54:32 IST" skipped="0">
  <testcase classname="api.testcases.UserTest" name="testCreateUser" time="4.719"/>
  <system-out/>
  <testcase classname="api.testcases.UserTest" name="testGetUserData" time="1.520"/>
  <system-out/>
  <testcase classname="api.testcases.UserTest" name="testUpdateUser" time="2.862"/>
  <system-out/>
  <testcase classname="api.testcases.UserTest" name="testDeleteUser" time="1.441"/>
  <system-out/>
</testsuite> <!-- api.testcases.UserTest -->
