<?xml version="1.0" encoding="UTF-8"?>
<!-- Generated by org.testng.reporters.JUnitReportReporter -->
<testsuite hostname="panwarManish" failures="0" tests="4" name="api.testcases.UserTest" time="9.375" errors="0" timestamp="2024-12-16T11:40:51 IST" skipped="0">
  <testcase classname="api.testcases.UserTest" name="testCreateUser" time="3.519"/>
  <system-out/>
  <testcase classname="api.testcases.UserTest" name="testGetUserData" time="1.490"/>
  <system-out/>
  <testcase classname="api.testcases.UserTest" name="testUpdateUser" time="2.966"/>
  <system-out/>
  <testcase classname="api.testcases.UserTest" name="testDeleteUser" time="1.400"/>
  <system-out/>
</testsuite> <!-- api.testcases.UserTest -->
