<?xml version="1.0" encoding="UTF-8"?>
<!-- Generated by org.testng.reporters.JUnitReportReporter -->
<testsuite hostname="panwarManish" failures="0" tests="4" name="api.testcases.UserTest" time="12.530" errors="0" timestamp="2024-12-14T15:17:05 IST" skipped="0">
  <testcase classname="api.testcases.UserTest" name="testCreateUser" time="4.827"/>
  <system-out/>
  <testcase classname="api.testcases.UserTest" name="testGetUserData" time="2.190"/>
  <system-out/>
  <testcase classname="api.testcases.UserTest" name="testUpdateUser" time="3.789"/>
  <system-out/>
  <testcase classname="api.testcases.UserTest" name="testDeleteUser" time="1.724"/>
  <system-out/>
</testsuite> <!-- api.testcases.UserTest -->
